\BOOKMARK [0][-]{chapter.1}{\376\377\000O\000v\000e\000r\000v\000i\000e\000w}{}% 1
\BOOKMARK [1][-]{section.1.1}{\376\377\000G\000e\000n\000e\000r\000a\000l\000\040\000c\000o\000n\000t\000e\000x\000t}{chapter.1}% 2
\BOOKMARK [2][-]{subsection.1.1.1}{\376\377\000P\000e\000d\000a\000g\000o\000g\000i\000c\000a\000l\000\040\000f\000r\000a\000m\000e}{section.1.1}% 3
\BOOKMARK [2][-]{subsection.1.1.2}{\376\377\000P\000r\000o\000f\000e\000s\000s\000i\000o\000n\000a\000l\000\040\000f\000r\000a\000m\000e}{section.1.1}% 4
\BOOKMARK [1][-]{section.1.2}{\376\377\000P\000r\000o\000j\000e\000c\000t\000\040\000p\000r\000e\000s\000e\000n\000t\000a\000t\000i\000o\000n}{chapter.1}% 5
\BOOKMARK [2][-]{subsection.1.2.1}{\376\377\000P\000r\000o\000b\000l\000e\000m\000a\000t\000i\000c}{section.1.2}% 6
\BOOKMARK [2][-]{subsection.1.2.2}{\376\377\000E\000x\000a\000m\000i\000n\000a\000t\000i\000o\000n\000\040\000o\000f\000\040\000c\000u\000r\000r\000e\000n\000t\000\040\000s\000o\000l\000u\000t\000i\000o\000n\000s}{section.1.2}% 7
\BOOKMARK [2][-]{subsection.1.2.3}{\376\377\000T\000h\000e\000\040\000p\000r\000o\000p\000o\000s\000e\000d\000\040\000s\000o\000l\000u\000t\000i\000o\000n}{section.1.2}% 8
\BOOKMARK [1][-]{section.1.3}{\376\377\000M\000e\000t\000h\000o\000d\000o\000l\000o\000g\000y}{chapter.1}% 9
\BOOKMARK [2][-]{subsection.1.3.1}{\376\377\000A\000g\000i\000l\000e\000\040\000M\000e\000t\000h\000o\000d\000o\000l\000o\000g\000i\000e\000s}{section.1.3}% 10
\BOOKMARK [2][-]{subsection.1.3.2}{\376\377\000S\000c\000r\000u\000m\000\040\000m\000e\000t\000h\000o\000d}{section.1.3}% 11
\BOOKMARK [0][-]{chapter.2}{\376\377\000P\000r\000e\000l\000i\000m\000i\000n\000a\000r\000y\000\040\000s\000t\000u\000d\000y}{}% 12
\BOOKMARK [1][-]{section.2.1}{\376\377\000B\000a\000s\000i\000c\000\040\000c\000o\000n\000c\000e\000p\000t\000s}{chapter.2}% 13
\BOOKMARK [1][-]{section.2.2}{\376\377\000C\000l\000o\000u\000d}{chapter.2}% 14
\BOOKMARK [1][-]{section.2.3}{\376\377\000S\000a\000a\000S}{chapter.2}% 15
\BOOKMARK [1][-]{section.2.4}{\376\377\000S\000o\000f\000t\000w\000a\000r\000e\000\040\000p\000r\000o\000v\000i\000s\000i\000o\000n\000i\000n\000g}{chapter.2}% 16
\BOOKMARK [1][-]{section.2.5}{\376\377\000S\000c\000a\000l\000a\000b\000i\000l\000i\000t\000y}{chapter.2}% 17
\BOOKMARK [1][-]{section.2.6}{\376\377\000\040\000C\000o\000n\000t\000a\000i\000n\000e\000r\000i\000z\000a\000t\000i\000o\000n}{chapter.2}% 18
\BOOKMARK [1][-]{section.2.7}{\376\377\000S\000e\000r\000v\000e\000r\000l\000e\000s\000s\000\040\000c\000o\000m\000p\000u\000t\000i\000n\000g}{chapter.2}% 19
\BOOKMARK [1][-]{section.2.8}{\376\377\000R\000E\000S\000T\000\040\000a\000r\000c\000h\000i\000t\000e\000c\000t\000u\000r\000e}{chapter.2}% 20
\BOOKMARK [1][-]{section.2.9}{\376\377\000V\000e\000n\000d\000o\000r\000\040\000l\000o\000c\000k\000-\000i\000n}{chapter.2}% 21
\BOOKMARK [1][-]{section.2.10}{\376\377\000O\000r\000c\000h\000e\000s\000t\000r\000a\000t\000i\000o\000n}{chapter.2}% 22
\BOOKMARK [1][-]{section.2.11}{\376\377\000R\000e\000q\000u\000i\000r\000e\000m\000e\000n\000t\000s\000\040\000a\000n\000a\000l\000y\000s\000i\000s}{chapter.2}% 23
\BOOKMARK [2][-]{subsection.2.11.1}{\376\377\000F\000u\000n\000c\000t\000i\000o\000n\000a\000l\000\040\000R\000e\000q\000u\000i\000r\000e\000m\000e\000n\000t\000s}{section.2.11}% 24
\BOOKMARK [2][-]{subsection.2.11.2}{\376\377\000N\000o\000n\000-\000F\000u\000n\000c\000t\000i\000o\000n\000a\000l\000\040\000R\000e\000q\000u\000i\000r\000e\000m\000e\000n\000t\000s}{section.2.11}% 25
\BOOKMARK [1][-]{section.2.12}{\376\377\000R\000e\000q\000u\000i\000r\000e\000m\000e\000n\000t\000\040\000s\000p\000e\000c\000i\000f\000i\000c\000a\000t\000i\000o\000n\000s}{chapter.2}% 26
\BOOKMARK [2][-]{subsection.2.12.1}{\376\377\000A\000c\000t\000o\000r\000s\000\040\000I\000d\000e\000n\000t\000i\000f\000i\000c\000a\000t\000i\000o\000n}{section.2.12}% 27
\BOOKMARK [2][-]{subsection.2.12.2}{\376\377\000U\000s\000e\000\040\000c\000a\000s\000e\000s\000\040\000d\000i\000a\000g\000r\000a\000m\000s}{section.2.12}% 28
\BOOKMARK [1][-]{section.2.13}{\376\377\000M\000o\000c\000k\000u\000p\000s}{chapter.2}% 29
\BOOKMARK [2][-]{subsection.2.13.1}{\376\377\000P\000e\000n\000p\000o\000t}{section.2.13}% 30
\BOOKMARK [2][-]{subsection.2.13.2}{\376\377\000P\000r\000o\000j\000e\000c\000t\000\040\000m\000o\000c\000k\000u\000p\000s}{section.2.13}% 31
\BOOKMARK [1][-]{section.2.14}{\376\377\000P\000r\000o\000d\000u\000c\000t\000\040\000B\000a\000c\000k\000l\000o\000g}{chapter.2}% 32
\BOOKMARK [1][-]{section.2.15}{\376\377\000S\000p\000r\000i\000n\000t\000\040\000P\000l\000a\000n\000n\000i\000n\000g}{chapter.2}% 33
\BOOKMARK [1][-]{section.2.16}{\376\377\000L\000o\000g\000i\000c\000a\000l\000\040\000a\000n\000d\000\040\000P\000h\000y\000s\000i\000c\000a\000l\000\040\000A\000r\000c\000h\000i\000t\000e\000c\000t\000u\000r\000e}{chapter.2}% 34
\BOOKMARK [1][-]{section.2.17}{\376\377\000U\000s\000e\000d\000\040\000t\000e\000c\000h\000n\000o\000l\000o\000g\000i\000e\000s}{chapter.2}% 35
\BOOKMARK [2][-]{subsection.2.17.1}{\376\377\000P\000r\000o\000g\000r\000a\000m\000m\000i\000n\000g\000\040\000l\000a\000n\000g\000u\000a\000g\000e\000s}{section.2.17}% 36
\BOOKMARK [2][-]{subsection.2.17.2}{\376\377\000F\000r\000a\000m\000e\000w\000o\000r\000k\000s}{section.2.17}% 37
\BOOKMARK [2][-]{subsection.2.17.3}{\376\377\000C\000l\000o\000u\000d\000\040\000s\000e\000r\000v\000i\000c\000e\000s\000\040\000a\000n\000d\000\040\000t\000o\000o\000l\000s}{section.2.17}% 38
\BOOKMARK [0][-]{chapter.3}{\376\377\000S\000p\000r\000i\000n\000t\000\040\0001\000:\000\040\000U\000s\000e\000r\000\040\000m\000a\000n\000a\000g\000e\000m\000e\000n\000t}{}% 39
\BOOKMARK [1][-]{section.3.1}{\376\377\000A\000n\000a\000l\000y\000s\000i\000s\000\040\000o\000f\000\040\000S\000p\000r\000i\000n\000t\000\040\0001\000\040\000R\000e\000q\000u\000i\000r\000e\000m\000e\000n\000t\000s}{chapter.3}% 40
\BOOKMARK [2][-]{subsection.3.1.1}{\376\377\000U\000s\000e\000\040\000c\000a\000s\000e\000\040\000d\000i\000a\000g\000r\000a\000m\000\040\000o\000f\000\040\000"\000M\000a\000n\000a\000g\000e\000\040\000u\000s\000e\000r\000s\000"}{section.3.1}% 41
\BOOKMARK [2][-]{subsection.3.1.2}{\376\377\000C\000l\000a\000s\000s\000\040\000d\000i\000a\000g\000r\000a\000m\000\040\000o\000f\000\040\000"\000M\000a\000n\000a\000g\000e\000\040\000u\000s\000e\000r\000s\000"}{section.3.1}% 42
\BOOKMARK [2][-]{subsection.3.1.3}{\376\377\000S\000e\000q\000u\000e\000n\000c\000e\000\040\000d\000i\000a\000g\000r\000a\000m\000\040\000o\000f\000\040\000"\000A\000u\000t\000h\000e\000n\000t\000i\000c\000a\000t\000e\000"\000\040\000u\000s\000e\000\040\000c\000a\000s\000e}{section.3.1}% 43
\BOOKMARK [2][-]{subsection.3.1.4}{\376\377\000U\000s\000e\000\040\000c\000a\000s\000e\000\040\000d\000i\000a\000g\000r\000a\000m\000\040\000o\000f\000\040\000"\000M\000a\000n\000a\000g\000e\000\040\000V\000a\000u\000l\000t\000\040\000S\000e\000c\000r\000e\000t\000s\000"}{section.3.1}% 44
\BOOKMARK [2][-]{subsection.3.1.5}{\376\377\000I\000n\000t\000e\000r\000f\000a\000c\000e\000s}{section.3.1}% 45
\BOOKMARK [0][-]{chapter.4}{\376\377\000S\000p\000r\000i\000n\000t\000\040\0002\000:\000\040\000C\000o\000m\000p\000u\000t\000i\000n\000g\000\040\000\046\000\040\000S\000t\000o\000r\000a\000g\000e\000s\000\040\000m\000a\000n\000a\000g\000e\000m\000e\000n\000t}{}% 46
\BOOKMARK [1][-]{section.4.1}{\376\377\000A\000n\000a\000l\000y\000s\000i\000s\000\040\000o\000f\000\040\000S\000p\000r\000i\000n\000t\000\040\0002\000\040\000R\000e\000q\000u\000i\000r\000e\000m\000e\000n\000t\000s}{chapter.4}% 47
\BOOKMARK [2][-]{subsection.4.1.1}{\376\377\000U\000s\000e\000\040\000c\000a\000s\000e\000\040\000d\000i\000a\000g\000r\000a\000m\000\040\000o\000f\000\040\000"\000M\000a\000n\000a\000g\000e\000\040\000V\000M\000"}{section.4.1}% 48
\BOOKMARK [2][-]{subsection.4.1.2}{\376\377\000S\000e\000q\000u\000e\000n\000c\000e\000\040\000d\000i\000a\000g\000r\000a\000m\000\040\000o\000f\000\040\000"\000C\000r\000e\000a\000t\000e\000\040\000I\000n\000s\000t\000a\000n\000c\000e\000"\000\040\000u\000s\000e\000\040\000c\000a\000s\000e}{section.4.1}% 49
\BOOKMARK [2][-]{subsection.4.1.3}{\376\377\000U\000s\000e\000\040\000c\000a\000s\000e\000\040\000d\000i\000a\000g\000r\000a\000m\000\040\000o\000f\000\040\000"\000M\000a\000n\000a\000g\000e\000\040\000V\000a\000u\000l\000t\000\040\000S\000e\000c\000r\000e\000t\000s\000"}{section.4.1}% 50
\BOOKMARK [2][-]{subsection.4.1.4}{\376\377\000S\000e\000q\000u\000e\000n\000c\000e\000\040\000d\000i\000a\000g\000r\000a\000m\000\040\000o\000f\000\040\000"\000U\000p\000l\000o\000a\000d\000\040\000S\000t\000o\000r\000a\000g\000e\000"\000\040\000u\000s\000e\000\040\000c\000a\000s\000e}{section.4.1}% 51
\BOOKMARK [2][-]{subsection.4.1.5}{\376\377\000I\000n\000t\000e\000r\000f\000a\000c\000e\000s}{section.4.1}% 52
\BOOKMARK [0][-]{chapter.5}{\376\377\000S\000p\000r\000i\000n\000t\000\040\0003\000:\000\040\000C\000o\000n\000t\000a\000i\000n\000e\000r\000\040\000m\000a\000n\000a\000g\000e\000m\000e\000n\000t}{}% 53
\BOOKMARK [1][-]{section.5.1}{\376\377\000A\000n\000a\000l\000y\000s\000i\000s\000\040\000o\000f\000\040\000S\000p\000r\000i\000n\000t\000\040\0003\000\040\000R\000e\000q\000u\000i\000r\000e\000m\000e\000n\000t\000s}{chapter.5}% 54
\BOOKMARK [2][-]{subsection.5.1.1}{\376\377\000U\000s\000e\000\040\000c\000a\000s\000e\000s\000\040\000d\000i\000a\000g\000r\000a\000m\000\040\000o\000f\000\040\000S\000p\000r\000i\000n\000t\000\040\0003}{section.5.1}% 55
\BOOKMARK [2][-]{subsection.5.1.2}{\376\377\000S\000e\000q\000u\000e\000n\000c\000e\000\040\000d\000i\000a\000g\000r\000a\000m\000\040\000o\000f\000\040\000"\000I\000n\000s\000t\000a\000n\000t\000i\000a\000t\000e\000\040\000C\000o\000n\000t\000a\000i\000n\000e\000r\000"\000\040\000u\000s\000e\000\040\000c\000a\000s\000e}{section.5.1}% 56
\BOOKMARK [2][-]{subsection.5.1.3}{\376\377\000U\000s\000e\000\040\000c\000a\000s\000e\000\040\000d\000i\000a\000g\000r\000a\000m\000\040\000o\000f\000\040\000"\000C\000r\000e\000a\000t\000e\000\040\000C\000l\000u\000s\000t\000e\000r\000"}{section.5.1}% 57
\BOOKMARK [2][-]{subsection.5.1.4}{\376\377\000I\000n\000t\000e\000r\000f\000a\000c\000e\000s}{section.5.1}% 58
\BOOKMARK [0][-]{chapter.6}{\376\377\000S\000p\000r\000i\000n\000t\000\040\0004\000:\000\040\000D\000a\000t\000a\000\040\000v\000i\000s\000u\000a\000l\000i\000z\000a\000t\000i\000o\000n\000\040\000\046\000\040\000p\000r\000o\000j\000e\000c\000t\000s\000\040\000m\000a\000n\000a\000g\000e\000m\000e\000n\000t}{}% 59
\BOOKMARK [1][-]{section.6.1}{\376\377\000A\000n\000a\000l\000y\000s\000i\000s\000\040\000o\000f\000\040\000S\000p\000r\000i\000n\000t\000\040\0004\000\040\000R\000e\000q\000u\000i\000r\000e\000m\000e\000n\000t\000s}{chapter.6}% 60
\BOOKMARK [2][-]{subsection.6.1.1}{\376\377\000U\000s\000e\000\040\000c\000a\000s\000e\000s\000\040\000d\000i\000a\000g\000r\000a\000m\000\040\000o\000f\000\040\000S\000p\000r\000i\000n\000t\000\040\0004}{section.6.1}% 61
\BOOKMARK [2][-]{subsection.6.1.2}{\376\377\000I\000n\000t\000e\000r\000f\000a\000c\000e\000s}{section.6.1}% 62
\BOOKMARK [2][-]{subsection.6.1.3}{\376\377\000S\000e\000q\000u\000e\000n\000c\000e\000\040\000d\000i\000a\000g\000r\000a\000m\000\040\000o\000f\000\040\000"\000V\000i\000s\000u\000a\000l\000i\000z\000e\000\040\000S\000t\000a\000t\000i\000s\000t\000i\000c\000a\000l\000\040\000D\000a\000t\000a\000"\000\040\000u\000s\000e\000\040\000c\000a\000s\000e}{section.6.1}% 63
\BOOKMARK [2][-]{subsection.6.1.4}{\376\377\000I\000n\000t\000e\000r\000f\000a\000c\000e\000s}{section.6.1}% 64
\BOOKMARK [0][-]{chapter.7}{\376\377\000S\000p\000r\000i\000n\000t\000\040\0005\000:\000\040\000I\000m\000p\000l\000e\000m\000e\000n\000t\000i\000n\000g\000\040\000C\000I\000/\000C\000D}{}% 65
\BOOKMARK [1][-]{section.7.1}{\376\377\000A\000n\000a\000l\000y\000s\000i\000s\000\040\000o\000f\000\040\000S\000p\000r\000i\000n\000t\000\040\0005\000\040\000R\000e\000q\000u\000i\000r\000e\000m\000e\000n\000t\000s}{chapter.7}% 66
\BOOKMARK [2][-]{subsection.7.1.1}{\376\377\000B\000P\000M\000N\000\040\000D\000i\000a\000g\000r\000a\000m\000\040\000f\000o\000r\000\040\000o\000u\000r\000\040\000C\000I\000/\000C\000D\000\040\000P\000i\000p\000e\000l\000i\000n\000e}{section.7.1}% 67
\BOOKMARK [2][-]{subsection.7.1.2}{\376\377\000I\000n\000t\000e\000r\000f\000a\000c\000e\000s}{section.7.1}% 68
